
</ 17.5.2023 15:6:27
value:
	type:	k
	value:	3.14159
	word:	var
message:
	"Выражение неправильно завершено! Нет ';' !"
>

</ 17.5.2023 15:6:41
value:
	type:	c
	value:	3.14159
	word:	pi
message:
	"Выражение неправильно завершено! Нет ';' !"
>

</ 17.5.2023 15:6:50
value:
	type:	c
	value:	2.71828
	word:	e
message:
	"Выражение неправильно завершено! Нет ';' !"
>

</ 17.5.2023 15:6:57
value:
	type:	w
	value:	2.0948e-317
	word:	a
message:
	"Выражение неправильно завершено! Нет ';' !"
>

</ 17.5.2023 15:7:18
value:
	type:	,
	value:	2.0948e-317
	word:	
message:
	"Выражение неправильно завершено! Нет ';' !"
>

</ 17.5.2023 15:8:28
value:
	type:	=
	value:	-inf
	word:	
message:
	"Выражение неправильно завершено! Нет ';' !"
>

</ 17.5.2023 15:8:36
value:
	type:	c
	value:	3.14159
	word:	pi
message:
	"Выражение неправильно завершено! Нет ';' !"
>

</ 17.5.2023 15:8:43
value:
	type:	c
	value:	2.71828
	word:	e
message:
	"Выражение неправильно завершено! Нет ';' !"
>

</ 17.5.2023 15:8:46
value:
	type:	c
	value:	2.71828
	word:	e
message:
	"Выражение неправильно завершено! Нет ';' !"
>

</ 17.5.2023 15:8:56
value:
	type:	w
	value:	-inf
	word:	r
message:
	"Выражение неправильно завершено! Нет ';' !"
>

</ 17.5.2023 15:17:25
value:
{ -- No Token -- }
message:
	" Деление на нуль!"
>

</ 17.5.2023 15:17:58
value:
	type:	w
	value:	-inf
	word:	a
message:
	" Переменная не инициализирована!"
>

</ 17.5.2023 15:18:8
value:
	type:	c
	value:	3.14159
	word:	pi
message:
	" Имя переменной занято!"
>

</ 17.5.2023 15:18:21
value:
{ -- No Token -- }
message:
	"Пропущено '=' !"
>

</ 17.5.2023 15:18:30
value:
	type:	k
	value:	-inf
	word:	var
message:
	"Пока не реализована обработка этого ключевого слова!"
>

</ 17.5.2023 15:18:38
value:
	type:	v
	value:	2.71828
	word:	a
message:
	" Имя переменной занято!"
>

</ 17.5.2023 15:18:49
value:
	type:	k
	value:	-inf
	word:	var
message:
	"Пока не реализована обработка этого ключевого слова!"
>

</ 17.5.2023 15:21:59
value:
	type:	;
	value:	-inf
	word:	
message:
	" Нет первичного выражения!"
>

</ 17.5.2023 15:22:2
value:
	type:	;
	value:	-inf
	word:	
message:
	" Нет первичного выражения!"
>

</ 17.5.2023 15:22:10
value:
{ -- No Token -- }
message:
	" Деление на нуль!"
>

</ 17.5.2023 15:22:21
value:
	type:	)
	value:	-inf
	word:	
message:
	" Нет первичного выражения!"
>

</ 17.5.2023 15:22:47
value:
	type:	;
	value:	-inf
	word:	
message:
	" Нет первичного выражения!"
>

</ 17.5.2023 15:22:55
value:
	type:	v
	value:	9
	word:	a
message:
	"Выражение неправильно завершено! Нет ';' !"
>

</ 17.5.2023 15:23:4
value:
	type:	k
	value:	-inf
	word:	var
message:
	" Имя переменной занято!"
>

</ 17.5.2023 15:23:8
value:
	type:	c
	value:	3.14159
	word:	pi
message:
	" Имя переменной занято!"
>

</ 17.5.2023 15:23:12
value:
	type:	c
	value:	2.71828
	word:	e
message:
	" Имя переменной занято!"
>

</ 17.5.2023 15:23:30
value:
	type:	w
	value:	-inf
	word:	www
message:
	"Неправильный ввод!"
>

</ 17.5.2023 15:23:37
value:
	type:	w
	value:	-inf
	word:	i
message:
	"Неправильный ввод!"
>
